Base path: /Applications/Unity/Unity.app/Contents
Cmd: initializeCompiler
Cmd: compileComputeKernel
  api=14 insize=1176 outsize=1357 ok=1
Cmd: translateComputeKernel
  api=14 insize=1469 outsize=1585 ok=1
Cmd: compileComputeKernel
  api=14 insize=7330 outsize=10693 ok=1
Cmd: translateComputeKernel
  api=14 insize=6805 outsize=10653 ok=1
Cmd: compileComputeKernel
  api=14 insize=9166 outsize=9621 ok=1
Cmd: compileComputeKernel
  api=14 insize=5435 outsize=7001 ok=1
Cmd: translateComputeKernel
  api=14 insize=7001 outsize=13513 ok=1
Cmd: compileComputeKernel
  api=14 insize=2867 outsize=2021 ok=1
Cmd: translateComputeKernel
  api=14 insize=853 outsize=785 ok=1
Cmd: compileComputeKernel
  api=14 insize=1454 outsize=1193 ok=1
Cmd: translateComputeKernel
  api=14 insize=1485 outsize=2257 ok=1

Quitting shader compiler process
